Collecting pocket-tts>=2.1.0 (from -r requirements.txt (line 1))
  Using cached pocket_tts-2.1.0-py3-none-any.whl.metadata (16 kB)
Collecting fastapi>=0.115 (from -r requirements.txt (line 2))
  Using cached fastapi-0.139.0-py3-none-any.whl.metadata (26 kB)
Collecting uvicorn>=0.30 (from uvicorn[standard]>=0.30->-r requirements.txt (line 3))
  Using cached uvicorn-0.51.0-py3-none-any.whl.metadata (6.6 kB)
Collecting python-multipart>=0.0.9 (from -r requirements.txt (line 4))
  Using cached python_multipart-0.0.32-py3-none-any.whl.metadata (2.1 kB)
Collecting soundfile>=0.12 (from -r requirements.txt (line 5))
  Using cached soundfile-0.14.0-py2.py3-none-win_amd64.whl.metadata (18 kB)
Collecting beartype>=0.22.5 (from pocket-tts>=2.1.0->-r requirements.txt (line 1))
  Using cached beartype-0.22.9-py3-none-any.whl.metadata (37 kB)
Collecting einops>=0.4.0 (from pocket-tts>=2.1.0->-r requirements.txt (line 1))
  Using cached einops-0.8.2-py3-none-any.whl.metadata (13 kB)
Collecting huggingface-hub>=0.13.0 (from pocket-tts>=2.1.0->-r requirements.txt (line 1))
  Using cached huggingface_hub-1.23.0-py3-none-any.whl.metadata (14 kB)
Collecting numpy>=2 (from pocket-tts>=2.1.0->-r requirements.txt (line 1))
  Using cached numpy-2.5.1-cp313-cp313-win_amd64.whl.metadata (6.6 kB)
Collecting pydantic>=2 (from pocket-tts>=2.1.0->-r requirements.txt (line 1))
  Using cached pydantic-2.13.4-py3-none-any.whl.metadata (109 kB)
Collecting requests>=2.20.0 (from pocket-tts>=2.1.0->-r requirements.txt (line 1))
  Downloading requests-2.34.2-py3-none-any.whl.metadata (4.8 kB)
Collecting safetensors>=0.4.0 (from pocket-tts>=2.1.0->-r requirements.txt (line 1))
  Using cached safetensors-0.8.0-cp310-abi3-win_amd64.whl.metadata (4.2 kB)
Collecting scipy>=1.5.0 (from pocket-tts>=2.1.0->-r requirements.txt (line 1))
  Using cached scipy-1.18.0-cp313-cp313-win_amd64.whl.metadata (61 kB)
Collecting sentencepiece>=0.2.1 (from pocket-tts>=2.1.0->-r requirements.txt (line 1))
  Downloading sentencepiece-0.2.2-cp313-cp313-win_amd64.whl.metadata (34 kB)
Collecting torch>=2.5.0 (from pocket-tts>=2.1.0->-r requirements.txt (line 1))
  Downloading torch-2.13.0-cp313-cp313-win_amd64.whl.metadata (39 kB)
Collecting typer>=0.10.0 (from pocket-tts>=2.1.0->-r requirements.txt (line 1))
  Using cached typer-0.26.8-py3-none-any.whl.metadata (15 kB)
Collecting typing-extensions>=4.0.0 (from pocket-tts>=2.1.0->-r requirements.txt (line 1))
  Using cached typing_extensions-4.16.0-py3-none-any.whl.metadata (3.3 kB)
Collecting starlette>=0.46.0 (from fastapi>=0.115->-r requirements.txt (line 2))
  Using cached starlette-1.3.1-py3-none-any.whl.metadata (6.4 kB)
Collecting typing-inspection>=0.4.2 (from fastapi>=0.115->-r requirements.txt (line 2))
  Using cached typing_inspection-0.4.2-py3-none-any.whl.metadata (2.6 kB)
Collecting annotated-doc>=0.0.2 (from fastapi>=0.115->-r requirements.txt (line 2))
  Using cached annotated_doc-0.0.4-py3-none-any.whl.metadata (6.6 kB)
Collecting click>=7.0 (from uvicorn>=0.30->uvicorn[standard]>=0.30->-r requirements.txt (line 3))
  Using cached click-8.4.2-py3-none-any.whl.metadata (2.6 kB)
Collecting h11>=0.8 (from uvicorn>=0.30->uvicorn[standard]>=0.30->-r requirements.txt (line 3))
  Using cached h11-0.16.0-py3-none-any.whl.metadata (8.3 kB)
Collecting cffi>=1.0 (from soundfile>=0.12->-r requirements.txt (line 5))
  Downloading cffi-2.1.0-cp313-cp313-win_amd64.whl.metadata (2.6 kB)
Collecting pycparser (from cffi>=1.0->soundfile>=0.12->-r requirements.txt (line 5))
  Using cached pycparser-3.0-py3-none-any.whl.metadata (8.2 kB)
Collecting colorama (from click>=7.0->uvicorn>=0.30->uvicorn[standard]>=0.30->-r requirements.txt (line 3))
  Using cached colorama-0.4.6-py2.py3-none-any.whl.metadata (17 kB)
Collecting filelock>=3.10.0 (from huggingface-hub>=0.13.0->pocket-tts>=2.1.0->-r requirements.txt (line 1))
  Using cached filelock-3.29.7-py3-none-any.whl.metadata (2.0 kB)
Collecting fsspec>=2023.5.0 (from huggingface-hub>=0.13.0->pocket-tts>=2.1.0->-r requirements.txt (line 1))
  Using cached fsspec-2026.6.0-py3-none-any.whl.metadata (10 kB)
Collecting hf-xet<2.0.0,>=1.5.1 (from huggingface-hub>=0.13.0->pocket-tts>=2.1.0->-r requirements.txt (line 1))
  Using cached hf_xet-1.5.1-cp37-abi3-win_amd64.whl.metadata (4.9 kB)
Collecting httpx<1,>=0.23.0 (from huggingface-hub>=0.13.0->pocket-tts>=2.1.0->-r requirements.txt (line 1))
  Using cached httpx-0.28.1-py3-none-any.whl.metadata (7.1 kB)
Collecting packaging>=20.9 (from huggingface-hub>=0.13.0->pocket-tts>=2.1.0->-r requirements.txt (line 1))
  Using cached packaging-26.2-py3-none-any.whl.metadata (3.5 kB)
Collecting pyyaml>=5.1 (from huggingface-hub>=0.13.0->pocket-tts>=2.1.0->-r requirements.txt (line 1))
  Using cached pyyaml-6.0.3-cp313-cp313-win_amd64.whl.metadata (2.4 kB)
Collecting tqdm>=4.42.1 (from huggingface-hub>=0.13.0->pocket-tts>=2.1.0->-r requirements.txt (line 1))
  Using cached tqdm-4.68.4-py3-none-any.whl.metadata (57 kB)
Collecting anyio (from httpx<1,>=0.23.0->huggingface-hub>=0.13.0->pocket-tts>=2.1.0->-r requirements.txt (line 1))
  Using cached anyio-4.14.2-py3-none-any.whl.metadata (4.6 kB)
Collecting certifi (from httpx<1,>=0.23.0->huggingface-hub>=0.13.0->pocket-tts>=2.1.0->-r requirements.txt (line 1))
  Using cached certifi-2026.6.17-py3-none-any.whl.metadata (2.5 kB)
Collecting httpcore==1.* (from httpx<1,>=0.23.0->huggingface-hub>=0.13.0->pocket-tts>=2.1.0->-r requirements.txt (line 1))
  Using cached httpcore-1.0.9-py3-none-any.whl.metadata (21 kB)
Collecting idna (from httpx<1,>=0.23.0->huggingface-hub>=0.13.0->pocket-tts>=2.1.0->-r requirements.txt (line 1))
  Using cached idna-3.18-py3-none-any.whl.metadata (6.1 kB)
Collecting annotated-types>=0.6.0 (from pydantic>=2->pocket-tts>=2.1.0->-r requirements.txt (line 1))
  Using cached annotated_types-0.7.0-py3-none-any.whl.metadata (15 kB)
Collecting pydantic-core==2.46.4 (from pydantic>=2->pocket-tts>=2.1.0->-r requirements.txt (line 1))
  Using cached pydantic_core-2.46.4-cp313-cp313-win_amd64.whl.metadata (6.7 kB)
Collecting charset_normalizer<4,>=2 (from requests>=2.20.0->pocket-tts>=2.1.0->-r requirements.txt (line 1))
  Downloading charset_normalizer-3.4.9-cp313-cp313-win_amd64.whl.metadata (42 kB)
Collecting urllib3<3,>=1.26 (from requests>=2.20.0->pocket-tts>=2.1.0->-r requirements.txt (line 1))
  Downloading urllib3-2.7.0-py3-none-any.whl.metadata (6.9 kB)
Collecting setuptools>=77.0.3 (from torch>=2.5.0->pocket-tts>=2.1.0->-r requirements.txt (line 1))
  Downloading setuptools-83.0.0-py3-none-any.whl.metadata (6.6 kB)
Collecting sympy>=1.13.3 (from torch>=2.5.0->pocket-tts>=2.1.0->-r requirements.txt (line 1))
  Using cached sympy-1.14.0-py3-none-any.whl.metadata (12 kB)
Collecting networkx>=2.5.1 (from torch>=2.5.0->pocket-tts>=2.1.0->-r requirements.txt (line 1))
  Using cached networkx-3.6.1-py3-none-any.whl.metadata (6.8 kB)
Collecting jinja2 (from torch>=2.5.0->pocket-tts>=2.1.0->-r requirements.txt (line 1))
  Using cached jinja2-3.1.6-py3-none-any.whl.metadata (2.9 kB)
Collecting mpmath<1.4,>=1.1.0 (from sympy>=1.13.3->torch>=2.5.0->pocket-tts>=2.1.0->-r requirements.txt (line 1))
  Using cached mpmath-1.3.0-py3-none-any.whl.metadata (8.6 kB)
Collecting shellingham>=1.3.0 (from typer>=0.10.0->pocket-tts>=2.1.0->-r requirements.txt (line 1))
  Using cached shellingham-1.5.4-py2.py3-none-any.whl.metadata (3.5 kB)
Collecting rich>=13.8.0 (from typer>=0.10.0->pocket-tts>=2.1.0->-r requirements.txt (line 1))
  Using cached rich-15.0.0-py3-none-any.whl.metadata (18 kB)
Collecting markdown-it-py>=2.2.0 (from rich>=13.8.0->typer>=0.10.0->pocket-tts>=2.1.0->-r requirements.txt (line 1))
  Using cached markdown_it_py-4.2.0-py3-none-any.whl.metadata (7.4 kB)
Collecting pygments<3.0.0,>=2.13.0 (from rich>=13.8.0->typer>=0.10.0->pocket-tts>=2.1.0->-r requirements.txt (line 1))
  Using cached pygments-2.20.0-py3-none-any.whl.metadata (2.5 kB)
Collecting mdurl~=0.1 (from markdown-it-py>=2.2.0->rich>=13.8.0->typer>=0.10.0->pocket-tts>=2.1.0->-r requirements.txt (line 1))
  Using cached mdurl-0.1.2-py3-none-any.whl.metadata (1.6 kB)
Collecting httptools>=0.8.0 (from uvicorn[standard]>=0.30->-r requirements.txt (line 3))
  Downloading httptools-0.8.0-cp313-cp313-win_amd64.whl.metadata (3.7 kB)
Collecting python-dotenv>=0.13 (from uvicorn[standard]>=0.30->-r requirements.txt (line 3))
  Using cached python_dotenv-1.2.2-py3-none-any.whl.metadata (27 kB)
Collecting watchfiles>=0.20 (from uvicorn[standard]>=0.30->-r requirements.txt (line 3))
  Using cached watchfiles-1.2.0-cp313-cp313-win_amd64.whl.metadata (5.0 kB)
Collecting websockets>=13.0 (from uvicorn[standard]>=0.30->-r requirements.txt (line 3))
  Downloading websockets-16.1-cp313-cp313-win_amd64.whl.metadata (7.0 kB)
Collecting MarkupSafe>=2.0 (from jinja2->torch>=2.5.0->pocket-tts>=2.1.0->-r requirements.txt (line 1))
  Using cached markupsafe-3.0.3-cp313-cp313-win_amd64.whl.metadata (2.8 kB)
Using cached pocket_tts-2.1.0-py3-none-any.whl (68 kB)
Using cached fastapi-0.139.0-py3-none-any.whl (130 kB)
Using cached uvicorn-0.51.0-py3-none-any.whl (73 kB)
Using cached python_multipart-0.0.32-py3-none-any.whl (30 kB)
Using cached soundfile-0.14.0-py2.py3-none-win_amd64.whl (1.0 MB)
Using cached annotated_doc-0.0.4-py3-none-any.whl (5.3 kB)
Using cached beartype-0.22.9-py3-none-any.whl (1.3 MB)
Downloading cffi-2.1.0-cp313-cp313-win_amd64.whl (185 kB)
Using cached click-8.4.2-py3-none-any.whl (119 kB)
Using cached einops-0.8.2-py3-none-any.whl (65 kB)
Using cached h11-0.16.0-py3-none-any.whl (37 kB)
Using cached huggingface_hub-1.23.0-py3-none-any.whl (770 kB)
Using cached hf_xet-1.5.1-cp37-abi3-win_amd64.whl (4.0 MB)
Using cached httpx-0.28.1-py3-none-any.whl (73 kB)
Using cached httpcore-1.0.9-py3-none-any.whl (78 kB)
Using cached filelock-3.29.7-py3-none-any.whl (46 kB)
Using cached fsspec-2026.6.0-py3-none-any.whl (203 kB)
Using cached numpy-2.5.1-cp313-cp313-win_amd64.whl (12.4 MB)
Using cached packaging-26.2-py3-none-any.whl (100 kB)
Using cached pydantic-2.13.4-py3-none-any.whl (472 kB)
Using cached pydantic_core-2.46.4-cp313-cp313-win_amd64.whl (2.1 MB)
Using cached annotated_types-0.7.0-py3-none-any.whl (13 kB)
Using cached pyyaml-6.0.3-cp313-cp313-win_amd64.whl (154 kB)
Downloading requests-2.34.2-py3-none-any.whl (73 kB)
Downloading charset_normalizer-3.4.9-cp313-cp313-win_amd64.whl (161 kB)
Using cached idna-3.18-py3-none-any.whl (65 kB)
Downloading urllib3-2.7.0-py3-none-any.whl (131 kB)
Using cached certifi-2026.6.17-py3-none-any.whl (133 kB)
Using cached safetensors-0.8.0-cp310-abi3-win_amd64.whl (355 kB)
Using cached scipy-1.18.0-cp313-cp313-win_amd64.whl (36.6 MB)
Downloading sentencepiece-0.2.2-cp313-cp313-win_amd64.whl (1.2 MB)
   ---------------------------------------- 1.2/1.2 MB 21.9 MB/s  0:00:00
Using cached starlette-1.3.1-py3-none-any.whl (73 kB)
Using cached anyio-4.14.2-py3-none-any.whl (125 kB)
Downloading torch-2.13.0-cp313-cp313-win_amd64.whl (122.1 MB)
   ---------------------------------------- 122.1/122.1 MB 52.0 MB/s  0:00:02
Using cached networkx-3.6.1-py3-none-any.whl (2.1 MB)
Downloading setuptools-83.0.0-py3-none-any.whl (1.0 MB)
   ---------------------------------------- 1.0/1.0 MB 22.9 MB/s  0:00:00
Using cached sympy-1.14.0-py3-none-any.whl (6.3 MB)
Using cached mpmath-1.3.0-py3-none-any.whl (536 kB)
Using cached tqdm-4.68.4-py3-none-any.whl (676 kB)
Using cached typer-0.26.8-py3-none-any.whl (122 kB)
Using cached rich-15.0.0-py3-none-any.whl (310 kB)
Using cached pygments-2.20.0-py3-none-any.whl (1.2 MB)
Using cached markdown_it_py-4.2.0-py3-none-any.whl (91 kB)
Using cached mdurl-0.1.2-py3-none-any.whl (10.0 kB)
Using cached shellingham-1.5.4-py2.py3-none-any.whl (9.8 kB)
Using cached typing_extensions-4.16.0-py3-none-any.whl (45 kB)
Using cached typing_inspection-0.4.2-py3-none-any.whl (14 kB)
Downloading httptools-0.8.0-cp313-cp313-win_amd64.whl (90 kB)
Using cached python_dotenv-1.2.2-py3-none-any.whl (22 kB)
Using cached watchfiles-1.2.0-cp313-cp313-win_amd64.whl (288 kB)
Downloading websockets-16.1-cp313-cp313-win_amd64.whl (180 kB)
Using cached colorama-0.4.6-py2.py3-none-any.whl (25 kB)
Using cached jinja2-3.1.6-py3-none-any.whl (134 kB)
Using cached markupsafe-3.0.3-cp313-cp313-win_amd64.whl (15 kB)
Using cached pycparser-3.0-py3-none-any.whl (48 kB)
Installing collected packages: mpmath, websockets, urllib3, typing-extensions, sympy, shellingham, setuptools, sentencepiece, safetensors, pyyaml, python-multipart, python-dotenv, pygments, pycparser, packaging, numpy, networkx, mdurl, MarkupSafe, idna, httptools, hf-xet, h11, fsspec, filelock, einops, colorama, charset_normalizer, certifi, beartype, annotated-types, annotated-doc, typing-inspection, tqdm, scipy, requests, pydantic-core, markdown-it-py, jinja2, httpcore, click, cffi, anyio, watchfiles, uvicorn, torch, starlette, soundfile, rich, pydantic, httpx, typer, huggingface-hub, fastapi, pocket-tts
